............DDD...........DDDDDDDDDDDDDDBBBBBBBBBBBBBBBCCCCC
...........DDDD...........DDDDDDDDDDDDDDDBBBBBBBBBBBBBCCCCCC
.......CCCCCCCC...........CCCDDDDDDDDDDDDDCCCCCCCCAAAAACCCCC
.......CCCCCCCC...........CCCCCCCCCCCCCCCCCCCCCCCAAAAAAACCCC
................................................AAAAAAAAACCC
...............................................AAAAAAAAAABCC
.....................................................AAAABBC
............DDD...........DDDDDDDDDDD........C.......AAAABBB
............DDD.........AAAAAAAAAAAAAAAAAAAAAA.......AAAABBB
............DDD.........AAAAAAAAAAAAAAA...........BBBBBBBBBB
............DDD.........AAAAAAAAAAABBBB...........BBBBBBBBBB
............DDD.........AAAAAAAAAAABBBB.........BBBBBBBBBBBB
............DDD.........AAAAAAAAAAABBBBBBBBBBBBBBBBBBBBBBBBB
............DDD.........AAAAAAAAAAABBBBBBBBBBBBBBBBBBBBBBBBB
............DDD.........AAAAAAAAAAABBBBBBBBBBBBBBBBBBBBBBBBB
.A......................AAAAAAAAAAABBBBBBBBBBBBBBBBBBBBBBBBB
AA......................AAAAAAAAAAAAADDDDDDDDDDDDDDDDDDDDDDD
........................AAAAAAAAAAAAADDDDDDDDDDDDDDDDDDDDDDD
........................AAAAAAAAAAAAADDDDDDDDDDDDDDDDDDDDDDD
........................AAAAAAAAAAAAADDDDDDDDDDDDDDDDDDDDDDD
........................AAAAAAAAAAAAADDDDDDDDDDDDDDDDDDDDDDD
........................AAAAAAAAAAAAADDDDDDDDDDDDDDDDDDDDDDD
........................AAAAAAAAAAAAADDDDDDDDDDDDDDDDDDDDDDD
........................AAAAAAAAAAAAADDDDDDDDDDDDDDDDDDDDDDD
........................AAAAAAAAAAAAADDDDDDDDDDDDDDDDDDDDDDD
........................AAAAAAAAAAAAADDDDDDDDDDDDDDDDDDDDDDD
........................AAAAAAAAAAAAADDDDDDDDDDDDDDDDDDDDDDD
........................AAAAAAAAAAAAADDDDDDDDDDDDDDDDDDDDDDD
........................AAAAAAAAAAAAADDDDDDDDDDDDDDDDDDDDDDD
........................AAAAAAAAAAAAADDDDDDDDDDDDDDDDDDDDDDD
........................AAAAAAAAAAAAADDDDDDDDDDDDDDDDDDDDDDD
........................AAAAAAAAAAAAADDDDDDDDDDDDDDDDDDDDDDD
........................AAAAAAAAAAAAADDDDDDDDDDDDDDDDDDDDDDD
........................AAAAAAAAAAAAADDDDDDDDDDDDDDDDDDDDDDD
..........................AAAAAAAAAAADDDDDDDDDDDDDDDDDDDDDDD
..........................AAAAAAAAAAADDDDDDDDDDDDDDDDDDDDDDD
..........................AAAAAAAAAAADDDDDDDDDDDDDDDDDDDDDDD
..........................AAAAAAAAAAADDDDDDDDDDDDDDDDDDDDDDD
.........................AAAAAAAAAAAAAAAAAAA......BBBBBBBBBB
..................................................BBBBBBBBBB
