.......................
.................OO....
.................OO....
..............CC.......
...........B..CC.......
..........BBB.CC.......
.........BBBBBCC.......
........BBBBBBBC.......
.......BBBBBBBBB.......
......BBBBBBBBBBB......
.....BBBBBBBBBBBBB.....
....BBBBBBBBBBBBBBB....
...BBBBBBBBBBBBBBBBB...
....AAAAAAAAAAAAAAA....
....AAAAAAAAAAAAAAA....
....AA..AA...AA..AA....
....AA..AA...AA..AA....
....AA..AA...AA..AA....
....AAAAAA...AAAAAA....
....AAAAAA...AAAAAA....
..AAAAAAAAAAAAAAAAAAA..
.......................
