1. May 8
4. September 17
6. September 5
7. November 9
9. February 26
10. August 24
11. June 27
13. March 21
14. September 30
16. June 5
17. October 4
22. February 16
23. May 3
28. July 7
29. July 26
30. September 26
33. July 25
34. August 4
37. November 13
38. August 21
40. January 1
45. November 22
47. August 27
50. December 8
51. July 8
53. January 14
58. August 12
59. October 27
61. September 13
62. January 3
64. August 27
66. October 14
68. August 22
69. April 28
71. February 24
72. April 6
74. January 27
76. January 24
78. October 27
84. May 19
85. June 28
86. October 31
87. May 23
88. February 10
91. February 24
92. April 10
93. January 6
94. May 18
95. March 18
96. October 30
98. May 7
99. May 21
101. December 24
102. September 7
104. March 4
110. October 3
111. September 24
113. December 18
114. March 22
122. September 10
124. September 20
125. October 30
127. June 12
132. December 26
134. January 9
135. March 28
136. April 15
137. February 4
138. December 14
142. June 24
145. April 26
146. February 6
147. May 22
149. January 22
154. April 22
156. January 17
159. April 13
162. October 12
164. January 4
165. March 19
167. May 22
169. June 18
171. December 1
172. February 24
175. August 10
177. May 18
178. March 11
181. November 17
183. September 12
184. June 24
185. December 16
190. November 11
195. January 13
197. September 27
200. August 21
