3. November 23
4. June 11
6. May 20
9. February 12
10. January 26
12. August 22
14. February 12
15. October 28
18. March 9
19. May 1
20. November 29
22. July 3
26. February 9
27. February 4
28. February 9
29. January 29
30. April 5
31. November 14
34. February 13
37. December 19
38. October 19
42. April 17
44. April 12
46. August 16
47. July 19
48. March 25
49. August 2
54. December 28
56. August 11
57. August 19
58. May 2
62. May 21
64. July 12
65. June 2
68. April 22
69. October 17
71. June 16
73. January 11
74. October 15
76. September 25
80. September 7
83. May 5
84. January 7
85. December 21
88. August 26
89. October 18
90. December 2
91. July 24
92. March 23
94. February 17
