1. January 22
2. October 9
9. March 2
12. January 21
14. January 20
18. June 8
19. December 14
21. February 27
22. July 3
24. July 9
26. March 19
27. December 7
29. February 28
30. June 10
32. August 3
33. September 19
37. August 12
38. March 19
42. January 6
43. June 26
46. January 1
48. January 14
49. February 20
50. December 21
52. June 7
57. July 29
64. November 14
66. September 23
67. November 20
69. October 28
70. April 16
72. December 11
76. August 7
78. August 24
85. August 13
86. October 22
87. May 20
88. April 17
90. April 15
91. January 23
94. October 8
95. July 4
96. June 4
97. April 4
100. August 7
101. September 2
103. February 10
111. February 3
113. January 31
114. March 25
116. August 1
118. August 1
121. November 7
122. January 31
123. April 3
124. February 10
126. June 19
128. March 18
130. May 4
131. September 10
133. January 26
134. September 19
137. June 1
138. July 26
139. March 3
140. March 31
141. July 9
142. May 26
143. April 4
144. August 8
148. November 12
149. May 23
150. April 10
151. May 30
153. July 18
155. January 30
157. September 21
159. March 10
162. September 14
165. March 8
166. May 27
168. August 6
169. November 9
171. January 31
173. May 9
176. September 21
177. November 19
179. May 9
180. September 28
182. September 1
185. March 15
187. September 26
191. December 1
192. March 22
193. August 15
195. July 5
196. June 20
197. November 3
199. February 5
202. November 24
203. September 7
204. November 14
205. September 28
207. November 20
208. January 15
213. December 29
214. April 1
220. August 16
221. February 5
223. September 13
224. April 22
227. August 5
230. September 9
232. July 27
236. May 25
239. March 23
242. December 31
246. January 28
249. March 18
250. November 26
252. May 18
253. January 17
255. July 4
256. October 9
258. March 9
260. March 24
261. December 10
262. November 13
263. September 27
265. December 28
266. August 2
270. June 28
272. February 6
273. February 6
274. August 3
281. August 28
282. May 20
284. May 1
285. March 12
287. January 12
289. August 10
290. December 18
293. June 30
296. November 21
297. November 20
300. June 2
301. May 16
302. January 16
303. June 24
304. December 30
305. November 10
306. January 10
308. January 20
309. August 2
310. October 23
313. November 28
315. June 11
319. May 22
320. February 13
323. April 14
326. April 29
328. October 25
329. February 17
330. September 14
331. May 9
332. December 19
333. November 25
336. January 5
337. November 11
339. April 1
340. February 4
342. December 31
344. September 10
345. July 17
349. September 9
350. November 4
353. May 4
356. December 24
358. November 28
362. November 17
363. August 28
364. March 3
365. January 16
366. November 13
369. July 21
370. October 11
374. February 11
375. June 7
377. December 23
378. November 28
382. May 3
383. July 29
385. August 4
387. May 31
390. March 7
391. February 12
393. March 22
395. April 27
397. January 31
399. February 7
402. July 18
403. October 27
405. April 5
406. April 6
407. January 3
408. August 2
409. October 19
411. February 1
412. January 18
413. June 25
414. September 15
415. February 13
416. May 10
418. October 27
422. April 7
426. November 30
427. December 13
428. July 14
429. April 15
431. August 28
434. August 16
436. April 5
439. October 31
445. September 29
449. November 27
450. November 16
451. June 28
452. January 30
455. February 16
457. January 10
461. May 10
462. January 27
466. December 18
473. January 18
475. April 18
476. July 17
477. August 22
481. September 10
483. January 9
485. June 3
486. March 9
489. February 4
490. March 21
494. October 2
495. November 19
499. January 29
501. April 11
502. September 28
503. March 27
504. September 7
507. March 16
509. March 8
511. March 2
515. June 15
517. August 5
518. July 22
522. May 31
524. June 19
528. April 5
529. March 8
531. May 17
532. August 8
533. September 13
535. December 3
536. September 16
541. December 7
543. February 22
546. December 18
547. September 25
552. May 4
553. February 25
556. September 26
557. April 24
558. November 15
560. April 15
561. July 19
566. November 12
567. July 17
568. May 27
572. September 4
573. March 9
576. May 21
578. February 4
580. September 1
581. June 1
584. July 27
587. March 18
589. February 13
590. May 5
593. June 6
598. May 20
600. April 20
607. August 10
611. January 10
613. September 17
615. July 11
619. May 12
621. October 24
624. March 9
629. November 13
630. March 19
631. December 18
632. January 2
633. February 24
637. January 23
638. September 19
640. January 30
641. January 26
642. January 5
643. September 15
644. November 20
648. January 21
649. September 28
652. December 17
655. September 18
656. December 3
658. July 4
661. November 7
663. December 11
666. November 11
667. June 30
672. July 21
673. February 19
674. November 14
676. October 25
679. August 13
682. April 24
683. January 14
688. May 27
690. March 16
696. December 20
698. March 19
699. April 9
703. September 26
706. September 28
707. July 24
708. September 30
712. October 3
714. January 18
715. April 5
718. January 14
721. February 14
727. June 20
730. October 27
732. July 27
733. October 20
740. March 2
741. November 27
742. September 4
744. June 12
745. May 9
746. November 25
747. June 24
748. August 26
749. July 29
753. February 21
754. March 24
756. April 27
757. August 13
758. November 9
759. August 2
763. August 12
766. February 11
768. January 14
770. March 23
771. July 8
774. May 16
778. August 1
779. June 12
781. March 6
788. November 23
790. March 11
791. April 24
792. February 6
795. March 3
797. November 2
802. August 20
803. December 2
805. November 29
813. July 30
816. February 20
817. February 27
818. September 11
820. May 9
823. February 16
828. June 20
832. July 1
833. November 23
845. April 23
847. March 27
849. October 9
852. July 21
853. July 20
857. January 31
858. October 23
859. March 10
861. January 31
867. May 5
869. December 21
872. April 24
874. May 18
879. February 19
881. September 9
884. December 28
885. September 30
887. July 19
896. December 20
900. April 29
901. December 11
902. February 4
908. May 16
909. December 18
914. December 17
915. March 26
916. July 25
922. January 23
926. November 3
927. August 31
931. January 30
934. November 27
935. February 5
941. June 7
942. February 20
943. October 25
944. August 6
948. October 9
952. April 10
956. June 26
958. June 22
959. October 22
963. November 10
965. August 22
966. January 2
968. November 11
974. February 16
976. January 7
977. July 9
978. April 19
979. January 31
980. June 20
986. January 4
989. January 9
990. October 4
991. July 23
994. August 13
998. June 12
1000. August 31
1001. February 2
1002. September 19
1003. January 1
1004. July 8
1008. August 5
1010. March 1
1012. March 8
1017. October 8
1019. November 7
1020. September 18
1022. January 11
1025. June 19
1027. September 14
1030. April 19
1032. July 23
1034. July 27
1035. February 8
1036. March 2
1038. December 19
1042. November 10
1045. August 29
1046. March 26
1049. September 13
1050. November 15
1053. March 22
1054. April 10
1057. February 1
1061. June 17
1066. April 7
1068. April 4
1073. December 19
1076. May 6
1077. March 22
1081. September 29
1083. April 26
1086. August 15
1089. September 7
1091. March 22
1092. October 13
1094. May 3
1095. September 7
1097. September 8
1098. February 28
1099. April 23
1101. March 11
1102. April 10
1103. November 26
1106. January 31
1107. March 16
1108. December 29
1109. December 11
1112. October 8
1113. April 14
1119. April 6
1122. January 18
1123. October 26
1124. June 8
1126. July 15
1129. April 4
1134. August 31
1140. April 27
1141. May 19
1142. February 28
1143. September 9
1144. October 21
1145. August 3
1148. May 16
1149. December 18
1150. June 29
1153. April 25
1156. August 14
1159. August 3
1160. September 19
1161. January 12
1163. December 1
1165. August 14
1166. October 17
1167. January 16
1169. November 6
1170. March 4
1171. October 20
1175. March 27
1176. April 2
1179. October 4
1180. June 18
1185. August 9
1186. May 5
1192. March 30
1193. November 26
1195. July 8
1196. April 27
1198. September 25
1203. October 24
1204. September 20
1205. February 10
1206. February 26
1209. March 10
1211. April 30
1215. April 29
1220. January 29
1224. August 13
1226. March 23
1232. January 19
1236. October 23
1237. March 24
1239. January 9
1240. October 13
1245. April 1
1246. December 13
1248. October 20
1251. July 25
1252. December 6
1254. November 28
1258. April 22
1262. October 11
1263. March 18
1267. January 19
1268. June 30
1271. April 5
1273. July 13
1274. December 19
1275. January 24
1278. December 26
1279. October 20
1280. January 5
1281. April 23
1283. June 7
1287. March 25
1288. April 11
1295. November 22
1296. December 26
1297. January 30
1298. February 19
1301. February 24
1305. April 12
1306. March 29
1307. January 11
1310. December 9
1311. February 27
1313. June 24
1314. February 28
1316. January 23
1317. December 2
1321. July 14
1323. November 23
1326. May 4
1328. February 7
1329. May 30
1333. February 5
1334. November 21
1335. November 16
1338. February 26
1340. January 10
1343. February 27
1348. May 24
1351. March 10
1353. April 21
1358. September 6
1359. April 12
1362. January 24
1363. December 18
1364. January 18
1366. April 1
1368. January 4
1372. October 22
1373. August 9
1374. June 27
1376. November 12
1377. June 18
1378. December 12
1380. October 22
1381. July 31
1382. February 26
1383. June 28
1386. March 5
1388. July 24
1390. May 28
1391. May 3
1394. April 18
1395. June 24
1396. December 30
1399. March 21
1403. November 19
1404. February 22
1407. April 28
1408. April 24
1410. September 7
1415. May 21
1420. February 17
1422. December 30
1423. April 20
1424. October 17
1426. March 22
1430. July 18
1432. February 20
1434. February 24
1436. July 1
1438. December 2
1441. April 24
1442. March 29
1445. June 22
1446. March 9
1448. September 13
1449. August 16
1450. September 14
1451. July 9
1453. July 3
1454. September 12
1458. November 29
1459. November 27
1460. October 10
1463. July 16
1464. January 26
1466. December 7
1468. June 20
1469. March 18
1470. March 4
1471. February 1
1472. March 2
1474. December 1
1475. February 3
1476. September 2
1477. March 28
1478. March 18
1479. April 21
1482. April 4
1485. June 14
1488. September 18
1490. February 6
1491. November 3
1493. November 14
1500. December 11
1504. June 23
1505. February 15
1509. March 15
1514. May 26
1515. October 10
1516. February 17
1517. April 29
1519. September 26
1521. October 28
1528. March 27
1529. June 5
1532. November 9
1535. August 5
1536. March 1
1539. December 9
1546. August 22
1547. October 17
1548. May 31
1552. March 23
1558. May 25
1561. March 2
1566. July 17
1567. July 2
1570. June 24
1573. January 20
1574. September 28
1576. May 4
1579. December 16
1581. December 11
1582. May 27
1583. June 22
1586. January 13
1591. June 9
1594. November 24
1598. July 1
1599. September 13
1602. September 30
1606. August 5
1608. November 20
1609. January 8
1610. September 28
1611. June 27
1614. July 6
1616. February 6
1618. June 23
1619. October 22
1620. September 11
1628. May 14
1634. April 23
1637. February 25
1638. May 29
1640. July 6
1642. March 3
1648. September 5
1652. November 15
1654. July 24
1664. January 7
1665. November 21
1667. September 25
1668. March 10
1672. February 27
1675. July 25
1676. April 9
1678. November 24
1682. April 19
1683. July 17
1688. June 17
1689. August 12
1691. October 27
1694. November 15
1697. September 27
1701. February 21
1702. February 6
1703. May 23
1707. August 31
1718. December 11
1719. July 24
1722. March 27
1723. January 1
1726. May 29
1727. February 22
1728. May 28
1733. December 27
1734. September 19
1736. November 7
1740. June 8
1741. December 25
1744. April 11
1745. April 23
1747. June 12
1748. January 28
1750. June 11
1751. March 18
1755. April 4
1757. November 16
1762. January 16
1764. September 28
1765. August 3
1769. October 14
1771. October 16
1772. February 6
1775. September 27
1778. September 30
1779. December 27
1781. May 13
1783. May 3
1784. August 24
1786. September 4
1787. August 22
1789. March 13
1792. October 8
1794. January 6
1796. April 22
1799. September 1
1801. September 3
1803. December 14
1806. January 30
1807. June 23
1808. January 14
1809. May 21
1811. November 25
1812. November 26
1813. August 13
1817. June 29
1818. November 3
1822. July 3
1829. February 9
1830. July 27
1831. February 10
1835. December 24
1837. December 9
1846. March 9
1851. April 15
1855. August 13
1857. May 12
1858. March 11
1859. October 26
1861. May 30
1864. May 16
1867. January 11
1869. June 16
1870. August 6
1875. September 20
1878. January 30
1882. November 21
1885. June 9
1888. June 21
1889. May 19
1890. November 10
1901. October 5
1905. May 16
1906. December 21
1907. February 23
1908. August 27
1910. April 19
1911. December 6
1915. November 16
1920. May 23
1921. March 16
1928. September 18
1931. October 17
1933. October 2
1939. June 9
1943. July 16
1947. December 6
1949. March 11
1950. February 18
1951. October 24
1952. November 24
1953. October 31
1954. November 10
1959. April 10
1962. November 17
1963. October 15
1964. April 30
1968. December 24
1969. February 13
1970. October 10
1972. February 1
1973. March 7
1977. January 29
1980. October 23
1981. May 3
1982. March 9
1984. March 24
1985. December 22
1986. April 24
1991. December 17
1992. January 23
1994. November 8
1995. February 20
1996. November 1
1997. January 1
1998. November 14
1999. October 15
