1. January 13
3. May 13
6. September 15
11. February 4
13. November 14
14. September 5
18. December 19
19. February 13
20. August 19
24. February 28
28. August 3
30. July 28
32. August 5
35. February 10
36. July 29
38. May 19
39. September 29
41. September 25
43. September 8
44. September 27
45. March 24
46. January 13
48. January 15
49. August 1
50. March 2
54. June 7
55. February 25
57. February 17
59. July 18
61. February 15
63. July 26
65. July 3
68. January 6
70. October 31
73. March 10
76. February 28
78. June 10
80. November 24
81. August 20
83. October 20
86. December 21
87. September 24
89. February 24
91. February 11
92. July 11
93. October 1
97. November 9
102. January 22
114. January 26
116. August 8
117. September 7
118. July 12
119. September 2
120. November 28
122. November 14
123. August 28
127. August 20
128. January 5
131. February 26
133. October 23
140. January 9
142. January 11
144. June 16
145. April 26
146. November 22
147. January 28
150. September 8
151. January 8
153. July 22
155. November 14
161. September 17
162. September 25
163. October 17
164. January 7
165. May 22
173. March 13
176. December 17
180. October 8
182. April 15
183. June 13
190. January 29
194. August 22
195. June 25
196. January 1
198. January 15
199. June 27
203. November 21
204. March 7
212. August 27
217. June 7
219. December 24
220. September 29
221. December 19
222. April 9
224. September 30
232. July 18
233. February 8
234. September 13
237. November 12
240. March 13
242. December 18
243. October 29
247. July 16
248. January 7
249. December 17
258. April 23
261. January 2
262. April 19
263. September 24
264. November 6
265. May 23
271. August 8
273. May 8
274. November 30
275. February 7
279. January 30
283. July 15
284. March 14
287. March 11
288. May 25
289. October 4
292. May 8
293. February 27
295. June 22
298. January 15
300. August 18
301. June 5
306. September 20
307. August 3
308. August 11
311. July 6
312. March 5
313. December 12
314. February 13
315. December 25
316. November 3
317. May 17
319. September 26
320. August 14
326. October 21
327. December 28
333. September 29
340. October 27
341. April 26
343. May 7
344. October 28
345. August 3
348. March 21
349. April 16
351. January 6
352. November 10
354. December 20
355. December 14
357. June 19
358. May 11
359. January 17
364. August 5
367. May 28
369. October 20
370. December 23
372. April 8
373. April 24
376. January 26
378. April 12
379. March 3
383. December 30
385. April 10
391. December 8
393. July 16
394. November 28
395. January 10
397. September 7
398. September 30
402. November 17
403. September 11
405. August 28
406. April 28
410. June 5
413. June 7
414. March 31
418. April 1
420. April 18
421. October 6
423. March 31
424. July 1
426. August 6
427. April 18
432. August 19
435. July 27
437. February 10
438. May 29
441. April 15
443. September 24
444. December 23
445. July 2
446. March 30
448. August 9
450. August 1
451. February 6
453. March 24
460. September 25
461. March 12
463. August 2
464. November 17
465. September 22
469. February 17
470. July 20
472. December 4
476. February 25
478. March 19
480. November 11
482. October 22
485. August 27
489. May 20
492. November 8
493. May 29
495. March 26
498. June 1
500. October 12
