1. August 5
2. February 14
3. January 6
4. November 8
9. February 12
11. February 8
12. January 13
13. November 2
15. June 16
17. January 28
18. September 25
19. July 8
22. July 3
23. April 15
24. July 18
26. October 9
28. July 22
29. February 5
30. May 2
31. August 24
34. August 12
36. September 22
37. March 29
38. July 28
40. July 7
43. June 23
46. July 15
48. July 6
49. April 10
51. January 26
57. June 8
59. October 5
60. October 27
61. June 27
64. February 1
65. January 25
68. March 28
76. November 24
77. July 27
78. April 29
79. June 25
81. August 6
82. February 8
84. June 22
88. August 20
90. January 13
91. December 20
93. June 24
95. January 20
96. March 29
99. July 28
100. August 20
101. July 10
103. February 26
107. October 24
108. February 12
113. April 2
118. November 26
121. May 3
125. July 19
128. September 2
130. March 15
131. August 24
132. March 15
139. August 2
140. June 27
141. July 19
146. February 13
148. December 20
152. November 29
154. September 11
156. October 18
157. March 11
158. May 8
159. January 29
161. February 2
166. December 18
168. October 18
170. March 3
171. August 18
172. July 10
173. December 22
175. March 9
176. June 7
180. August 6
183. July 12
188. January 2
189. January 13
190. July 22
191. April 10
194. January 11
196. June 29
197. December 25
202. September 2
203. March 20
206. August 13
209. July 31
212. August 28
217. February 8
218. October 3
221. November 13
222. August 13
225. May 9
226. May 28
229. November 25
230. December 27
232. January 5
236. December 14
237. October 26
240. January 10
243. September 3
245. November 13
248. November 23
253. April 18
254. October 18
255. February 16
258. September 13
262. April 15
263. February 12
265. October 22
268. June 30
272. July 2
274. December 9
275. March 8
277. January 17
279. October 10
281. July 23
282. September 27
286. January 13
294. October 9
295. February 6
298. January 26
300. March 13
301. July 31
302. April 14
305. January 26
308. February 8
309. May 12
311. July 19
313. August 5
316. September 5
317. July 5
318. July 25
320. July 2
322. May 24
323. September 10
326. January 21
332. April 7
333. December 10
334. June 24
335. June 29
336. November 21
337. May 20
338. February 22
341. September 2
345. December 8
348. February 20
349. December 25
351. August 4
352. February 26
353. June 2
354. May 16
357. June 5
359. May 12
361. February 18
364. August 12
365. March 28
366. November 24
368. June 7
370. October 12
379. December 6
381. July 13
382. April 18
385. July 17
387. July 9
400. September 3
401. February 10
402. August 20
404. February 22
405. February 2
406. March 8
411. November 28
412. October 26
413. March 21
414. December 29
417. February 7
423. November 28
424. September 6
426. May 14
428. October 7
430. April 2
433. February 28
434. March 29
435. January 3
436. May 6
437. July 27
439. June 30
440. May 19
441. February 16
443. November 17
447. April 18
455. August 18
456. August 9
459. December 19
460. June 2
464. August 6
465. November 19
467. February 26
472. February 5
474. September 16
479. June 29
480. April 11
482. November 21
483. March 22
484. May 24
485. April 24
486. March 12
488. September 26
490. November 2
491. February 5
492. March 29
495. April 14
496. April 18
497. June 29
502. May 4
505. September 8
506. June 13
507. March 15
508. April 13
511. October 7
516. December 19
517. July 18
518. May 10
519. September 2
521. August 26
522. May 18
526. August 23
529. July 14
530. July 31
531. March 4
532. December 28
534. January 26
535. September 14
536. October 10
538. March 23
542. February 23
543. September 5
544. October 30
545. August 27
547. August 17
549. March 15
551. September 6
552. January 5
553. May 1
557. March 18
558. November 29
559. June 5
560. January 15
563. June 30
566. October 14
568. March 26
569. March 16
570. October 5
573. July 15
574. October 20
575. June 18
578. February 18
583. August 30
584. September 10
586. August 11
587. April 17
593. December 8
594. August 18
595. December 3
600. April 18
604. January 13
605. June 1
606. June 24
608. October 12
610. September 11
611. January 5
612. December 4
617. June 19
618. February 13
619. October 21
623. September 6
625. September 4
627. November 27
633. April 19
635. March 21
636. September 23
638. April 30
639. October 23
640. March 22
643. November 30
644. January 19
647. May 8
651. June 27
652. July 13
653. March 9
654. August 28
656. March 29
657. May 28
658. December 16
660. February 14
662. May 10
663. February 11
669. December 11
670. October 5
671. July 5
675. September 8
676. November 11
677. May 8
678. November 14
683. October 13
684. July 1
686. October 15
688. May 29
692. January 8
693. May 3
694. June 14
697. September 29
699. September 24
701. January 3
704. September 16
705. October 17
706. August 20
714. August 17
718. May 3
720. July 3
722. June 1
723. May 27
727. June 7
728. June 9
731. November 19
733. February 2
734. October 18
737. July 24
739. October 13
740. May 10
741. November 29
742. October 24
744. October 23
746. October 19
747. April 27
748. June 14
749. April 6
754. November 28
758. February 22
759. December 21
760. June 25
764. March 21
765. October 16
767. August 14
768. March 1
769. September 18
770. February 19
771. October 16
772. April 17
773. April 13
774. June 29
775. November 11
778. February 8
780. April 28
782. June 28
783. November 27
784. March 6
789. June 18
791. August 4
792. June 23
793. September 28
794. August 2
796. November 26
798. August 7
799. June 6
803. January 4
804. July 17
806. July 24
807. February 18
809. September 5
816. January 10
817. June 7
818. January 8
822. June 26
823. August 28
825. July 15
827. April 1
828. March 19
830. February 14
831. August 28
833. February 3
837. May 12
839. June 15
840. February 22
842. January 28
844. September 11
846. February 24
848. June 30
851. November 9
855. June 7
856. December 25
859. December 19
867. July 7
868. October 16
869. September 23
871. April 27
874. July 24
879. December 28
880. February 14
884. November 10
886. August 13
887. July 27
889. January 14
892. March 29
895. March 10
897. June 19
898. February 10
901. March 5
905. January 24
907. February 2
909. April 26
910. January 1
912. July 15
913. October 30
914. May 30
916. July 17
917. January 11
918. November 22
921. July 21
922. April 15
923. May 23
924. December 10
925. November 21
926. August 16
929. January 24
930. November 17
934. February 12
935. January 31
937. August 9
943. May 15
948. August 22
949. October 13
953. December 8
954. December 12
955. November 24
957. March 13
958. December 4
959. May 11
961. November 3
962. January 27
963. March 31
966. August 25
968. July 25
969. July 25
970. January 27
972. July 18
973. October 11
975. November 19
980. December 6
981. November 8
984. November 28
987. December 17
992. February 23
993. November 30
997. September 5
999. May 14
1000. February 25
1002. January 18
1003. November 13
1007. December 9
1008. May 30
1010. December 28
1014. February 22
1018. November 14
1019. October 2
1020. December 24
1023. November 17
1028. September 20
1031. June 22
1032. November 22
1034. June 17
1035. March 24
1036. June 21
1037. September 25
1038. May 3
1040. November 17
1042. January 7
1044. October 23
1048. August 31
1051. April 19
1052. January 7
1054. May 6
1057. December 23
1059. October 4
1060. May 20
1066. November 23
1068. April 7
1069. August 30
1073. July 31
1074. June 28
1075. August 6
1077. September 3
1078. December 28
1079. March 8
1080. September 26
1081. November 26
1084. November 25
1085. October 26
1086. November 12
1090. May 19
1091. April 3
1093. May 11
1095. July 5
1097. October 27
1099. December 2
1100. May 23
1107. July 2
1109. May 24
1112. February 17
1114. June 27
1115. September 10
1119. July 21
1120. July 20
1122. February 2
1125. October 30
1127. December 27
1131. April 16
1132. May 3
1133. December 2
1134. August 24
1135. June 14
1137. January 29
1139. September 2
1141. June 27
1143. July 10
1147. May 3
1149. March 4
1150. November 14
1151. April 24
1152. July 22
1156. October 3
1157. March 28
1158. February 11
1159. February 16
1160. February 2
1161. November 4
1162. February 15
1163. May 2
1165. March 16
1166. February 6
1168. December 31
1171. February 1
1173. September 20
1174. December 4
1175. May 1
1176. October 13
1181. November 10
1183. August 18
1184. April 15
1185. March 20
1186. July 22
1187. June 12
1191. August 5
1195. April 25
1196. January 20
1201. November 7
1202. April 3
1205. June 29
1207. April 26
1208. July 30
1209. February 19
1211. February 11
1212. June 21
1213. October 15
1214. May 24
1217. April 19
1222. June 22
1224. March 4
1225. May 31
1226. August 12
1229. March 12
1231. October 18
1232. May 2
1233. November 4
1235. June 12
1242. May 8
1243. February 2
1245. March 30
1247. April 8
1253. April 28
1255. February 9
1257. September 26
1260. December 22
1261. September 19
1262. September 19
1263. April 26
1264. January 11
1265. July 15
1267. July 25
1273. September 12
1274. March 30
1275. January 30
1276. October 29
1279. August 19
1283. January 24
1284. November 25
1285. September 28
1286. July 7
1287. February 3
1290. January 29
1291. March 29
1292. July 13
1293. January 19
1295. April 14
1296. February 7
1302. March 15
1304. May 23
1305. December 28
1306. December 9
1307. September 5
1308. March 25
1311. November 14
1312. March 26
1314. April 21
1319. September 29
1320. September 15
1321. December 24
1322. October 10
1324. March 25
1326. April 23
1330. November 18
1331. May 8
1334. January 29
1335. December 9
1337. May 31
1341. May 16
1344. December 27
1345. January 16
1347. November 19
1353. January 13
1360. July 23
1364. November 22
1365. May 23
1366. July 25
1367. February 8
1371. May 3
1373. October 21
1374. September 22
1375. February 7
1377. June 13
1380. September 8
1382. June 8
1384. March 22
1388. April 22
1391. January 5
1393. April 27
1395. August 28
1398. October 11
1399. January 25
1400. March 19
1409. May 28
1414. November 24
1417. September 15
1418. November 26
1421. June 21
1422. October 21
1426. March 14
1429. May 19
1430. June 21
1433. March 13
1434. October 12
1435. December 12
1436. May 26
1443. July 20
1445. November 11
1449. October 31
1450. September 29
1451. November 11
1457. October 5
1458. February 8
1460. January 21
1461. October 19
1462. March 23
1463. September 9
1465. January 17
1467. February 13
1468. October 29
1470. March 4
1474. August 20
1476. December 9
1478. February 22
1482. March 9
1483. December 25
1488. December 27
1490. May 10
1493. March 3
1495. June 19
1496. October 16
1497. January 20
1498. July 24
1500. July 22
1501. May 4
1502. June 23
1504. December 28
1506. March 20
1507. June 23
1509. October 17
1512. July 19
1514. November 6
1516. October 17
1520. October 5
1526. June 6
1527. February 22
1531. October 18
1532. October 5
1535. April 2
1537. March 18
1538. June 28
1544. October 6
1547. June 22
1550. November 24
1562. November 2
1563. October 8
1564. February 24
1565. March 23
1566. June 24
1567. February 27
1568. November 18
1571. October 17
1573. January 5
1575. February 5
1579. May 21
1583. November 4
1584. July 27
1585. February 1
1587. February 2
1591. August 14
1592. April 27
1593. April 16
1594. February 3
1596. August 18
1598. July 23
1600. October 17
1605. July 13
1607. March 18
1611. April 1
1615. August 7
1618. April 29
1621. July 10
1623. September 16
1624. October 11
1625. May 21
1626. December 28
1629. June 23
1630. March 30
1632. February 6
1633. February 14
1634. August 31
1635. November 7
1637. April 26
1641. October 6
1645. February 6
1647. May 1
1650. May 16
1652. January 9
1653. July 12
1654. January 29
1655. February 8
1656. February 13
1657. September 10
1661. October 11
1662. December 24
1666. August 7
1670. June 8
1671. July 8
1674. August 23
1676. September 24
1677. March 21
1678. August 15
1679. July 20
1682. November 11
1683. October 3
1685. November 12
1686. February 22
1692. April 5
1693. October 31
1695. December 29
1696. July 23
1698. March 30
1701. November 28
1704. June 22
1705. April 7
1712. June 19
1713. July 24
1716. August 28
1720. December 24
1723. February 2
1725. May 13
1726. July 1
1732. September 24
1734. December 29
1735. April 20
1736. April 29
1739. April 14
1743. April 4
1744. December 6
1745. September 27
1746. June 9
1752. June 12
1755. December 22
1756. February 11
1757. November 5
1760. April 30
1765. January 11
1767. December 30
1768. January 4
1770. September 6
1771. June 14
1775. May 15
1776. January 31
1779. October 12
1782. October 17
1784. September 26
1785. May 26
1787. May 26
1789. June 25
1792. May 31
1793. June 24
1794. April 1
1796. June 14
1799. November 24
1801. January 8
1802. June 27
1804. April 1
1806. November 24
1809. April 9
1811. September 21
1812. July 8
1816. February 17
1820. April 9
1825. June 13
1828. March 6
1830. June 10
1834. August 12
1836. October 26
1837. May 10
1839. January 11
1840. November 24
1841. November 10
1844. October 8
1845. June 5
1846. October 29
1847. December 27
1853. May 16
1854. June 24
1859. March 17
1860. September 3
1863. May 14
1869. January 15
1870. December 12
1876. April 12
1880. January 12
1886. May 20
1888. March 26
1890. January 31
1897. September 18
1898. March 30
1900. September 16
1901. May 4
1902. May 3
1907. August 14
1908. July 2
1909. May 15
1910. February 14
1911. January 30
1915. April 11
1916. October 31
1917. September 3
1919. May 23
1920. May 16
1921. April 24
1922. February 18
1924. June 6
1926. December 22
1933. February 19
1934. September 13
1936. February 27
1940. November 13
1941. August 27
1942. August 28
1945. April 7
1948. November 24
1949. January 3
1953. September 7
1955. February 11
1962. July 29
1964. January 6
1967. December 10
1969. October 16
1970. September 9
1972. October 19
1976. June 21
1983. November 18
1984. December 2
1985. July 7
1986. July 22
1988. July 10
1989. April 24
1990. June 9
1992. April 16
1993. March 10
1998. June 29
2000. May 5
2001. March 31
2003. December 6
2004. October 10
2005. October 14
2006. October 20
2007. January 17
2009. May 27
2010. July 24
2015. April 9
2016. February 27
2017. August 13
2020. August 12
2021. November 16
2023. September 20
2024. May 3
2027. December 11
2033. May 3
2034. March 9
2035. September 23
2036. October 7
2040. October 18
2042. October 4
2043. November 1
2047. March 15
2049. October 22
2050. September 1
2053. June 28
2054. May 29
2055. April 11
2058. April 20
2063. December 10
2066. November 29
2068. January 1
2073. January 8
2074. October 16
2080. May 30
2081. September 16
2083. November 10
2084. August 17
2085. February 5
2088. August 19
2089. October 19
2091. November 20
2094. March 19
2099. November 24
2100. March 11
2101. November 30
2103. February 19
2104. June 7
2108. June 10
2112. August 31
2113. November 6
2114. May 16
2116. October 1
2123. January 10
2124. October 9
2125. March 18
2126. March 1
2127. September 9
2130. April 4
2131. July 1
2133. September 12
2135. August 2
2136. March 16
2145. October 24
2147. February 19
2148. January 5
2151. July 20
2152. February 26
2153. October 6
2154. December 16
2155. December 4
2156. August 2
2158. August 9
2166. February 19
2172. December 25
2175. January 3
2176. January 21
2178. September 29
2180. May 31
2183. February 10
2184. July 25
2188. November 16
2190. February 25
2191. August 26
2193. June 8
2194. March 8
2195. September 15
2202. November 15
2205. March 12
2207. September 5
2213. June 5
2218. April 19
2221. June 3
2222. December 22
2223. October 15
2230. November 15
2231. December 13
2232. March 24
2234. December 20
2235. May 8
2237. May 21
2240. July 14
2241. November 17
2242. March 26
2245. September 15
2246. March 16
2252. November 1
2254. June 16
2255. December 7
2258. October 20
2261. June 6
2262. March 22
2264. October 4
2266. May 30
2268. April 22
2269. May 9
2270. July 18
2271. November 17
2272. October 6
2275. April 27
2276. September 4
2278. March 21
2279. April 13
2284. January 7
2286. December 10
2287. January 12
2288. July 28
2293. May 30
2298. April 12
2300. October 17
2302. August 27
2305. December 18
2309. August 8
2310. June 24
2312. December 28
2316. July 5
2320. June 22
2321. September 4
2322. February 1
2324. October 5
2327. June 12
2333. May 5
2335. April 3
2337. July 30
2339. December 28
2340. September 18
2342. February 8
2343. April 6
2344. September 17
2345. April 20
2346. April 1
2347. November 3
2350. October 24
2351. February 23
2353. July 16
2356. September 19
2357. March 11
2360. August 18
2363. April 15
2364. November 3
2366. April 19
2367. August 5
2369. January 17
2370. May 22
2379. February 13
2381. September 18
2382. November 1
2384. October 25
2386. April 3
2387. February 18
2389. August 13
2391. June 7
2395. June 14
2396. February 26
2397. August 15
2398. June 13
2399. September 12
2402. June 14
2407. August 12
2409. August 27
2411. December 12
2415. March 12
2416. March 13
2417. November 13
2418. November 7
2420. September 11
2422. February 5
2425. December 3
2430. August 18
2433. March 14
2435. October 12
2437. March 21
2438. May 27
2439. October 3
2445. October 7
2448. June 1
2450. December 20
2452. October 21
2453. November 10
2454. December 30
2455. November 24
2461. October 29
2472. April 4
2474. February 12
2476. May 19
2478. September 30
2480. March 19
2481. January 10
2482. July 14
2485. August 18
2488. November 22
2489. March 1
2490. March 20
2491. February 14
2493. August 19
2495. April 30
2497. February 24
2498. February 3
2501. April 11
2502. May 21
2503. March 19
2504. January 6
2506. April 29
2508. July 29
2511. June 28
2515. July 9
2516. March 16
2517. January 7
2521. April 10
2523. February 20
2524. February 10
2527. April 9
2530. June 28
2531. June 3
2534. February 22
2539. November 23
2541. January 31
2543. February 2
2544. June 26
2549. December 2
2551. August 26
2552. October 12
2553. June 22
2556. December 7
2558. January 11
2559. October 26
2561. December 11
2565. June 15
2567. October 1
2571. August 23
2572. November 24
2577. February 7
2579. December 17
2580. May 20
2582. January 1
2586. November 15
2587. March 28
2588. February 24
2589. October 19
2590. November 11
2592. June 16
2598. March 9
2601. July 2
2606. May 18
2608. October 5
2609. October 13
2611. December 17
2612. March 25
2613. August 16
2620. November 24
2622. February 14
2623. November 22
2626. April 19
2629. February 20
2631. June 24
2633. May 18
2635. September 28
2638. February 14
2640. May 9
2646. August 19
2647. November 23
2651. January 13
2652. November 11
2653. April 25
2655. July 10
2660. February 23
2661. May 10
2665. June 13
2666. January 24
2669. November 6
2670. August 27
2673. September 7
2675. June 3
2679. August 12
2685. January 28
2687. March 31
2689. March 13
2690. January 17
2692. November 18
2696. April 16
2697. May 23
2698. October 9
2699. March 24
2700. August 29
2701. March 6
2702. July 16
2707. September 29
2709. April 23
2711. December 4
2713. October 9
2716. May 8
2717. June 13
2718. March 10
2719. November 30
2722. March 25
2725. August 25
2727. January 26
2730. September 27
2732. December 7
2736. May 11
2748. April 14
2751. January 2
2753. November 6
2755. March 23
2756. June 18
2757. December 1
2762. May 20
2763. March 4
2764. April 12
2765. September 10
2766. October 14
2768. January 30
2770. February 28
2771. February 16
2773. July 5
2776. February 28
2779. August 26
2780. January 1
2781. January 17
2786. February 25
2787. June 10
2789. December 3
2790. September 19
2794. August 13
2804. November 19
2806. May 24
2808. November 19
2813. May 20
2816. October 13
2820. August 8
2825. November 3
2826. January 28
2833. February 13
2836. November 8
2841. April 3
2842. July 14
2843. June 27
2844. May 4
2846. March 30
2847. October 19
2848. May 26
2858. May 23
2859. July 15
2860. December 26
2863. August 31
2864. November 21
2868. June 19
2870. December 25
2874. December 10
2876. January 3
2877. May 2
2878. January 22
2880. September 6
2881. April 23
2884. September 16
2885. December 1
2886. September 30
2889. December 10
2890. May 26
2893. April 8
2894. January 4
2896. January 21
2897. August 20
2898. September 15
2901. May 23
2905. January 7
2906. October 24
2910. February 15
2911. July 29
2914. May 29
2918. December 26
2923. January 9
2927. June 20
2928. May 6
2930. June 17
2931. July 25
2940. June 11
2943. September 19
2944. July 12
2946. September 23
2949. January 12
2950. February 18
2952. March 3
2953. July 9
2954. June 23
2955. January 16
2957. February 19
2960. December 18
2961. October 10
2963. December 8
2965. October 5
2966. July 1
2967. May 7
2968. December 13
2969. August 5
2970. December 22
2971. September 18
2973. January 6
2974. November 25
2976. December 7
2979. October 22
2980. January 21
2982. September 14
2985. March 31
2986. February 19
2988. May 12
2990. March 27
2991. November 25
2995. November 23
2996. October 17
2997. January 29
2999. March 14
3000. December 15
3001. February 23
3002. February 5
3004. June 18
3007. November 7
3008. April 27
3009. November 24
3011. October 18
3013. December 21
3016. September 4
3017. May 8
3018. May 19
3019. October 9
3022. July 16
3025. July 26
3026. August 15
3027. June 8
3030. January 18
3031. August 9
3033. May 27
3035. October 19
3038. November 22
3042. August 4
3045. October 15
3049. February 23
3050. November 30
3052. July 16
3053. December 10
3054. November 17
3057. February 18
3058. August 12
3060. October 12
3061. December 15
3063. November 4
3064. February 5
3066. August 31
3068. October 25
3069. December 18
3071. May 30
3073. August 20
3075. February 26
3078. September 18
3079. April 2
3084. December 30
3085. September 2
3086. February 17
3089. July 9
3091. May 28
3092. October 18
3097. May 7
3101. October 30
3102. February 21
3107. July 5
3110. August 18
3113. June 24
3115. July 27
3116. November 20
3119. August 14
3120. December 15
3126. December 17
3128. November 24
3129. May 10
3130. August 6
3131. July 16
3132. November 8
3134. July 25
3135. July 6
3136. September 24
3137. October 10
3140. January 5
3141. February 5
3142. March 8
3145. July 18
3146. January 18
3147. July 10
3148. January 5
3150. September 29
3151. June 14
3154. September 16
3157. July 16
3159. May 9
3160. February 12
3164. October 5
3167. June 29
3170. August 10
3175. April 13
3176. May 21
3178. December 8
3179. August 2
3181. December 13
3184. March 13
3185. April 20
3187. December 2
3188. April 24
3189. September 16
3192. September 8
3193. October 28
3194. April 4
3196. March 10
3200. May 2
3201. June 12
3204. February 8
3205. February 13
3209. April 18
3210. February 18
3213. March 16
3215. June 3
3217. September 15
3219. May 31
3220. January 5
3225. October 21
3227. March 9
3228. June 20
3229. December 10
3231. March 22
3232. May 15
3234. October 11
3235. September 19
3238. October 5
3239. November 7
3241. March 29
3242. May 15
3243. June 24
3244. December 25
3245. March 24
3249. April 4
3253. June 18
3254. May 12
3257. September 29
3258. September 4
3263. September 8
3265. July 30
3266. February 2
3267. July 9
3268. December 21
3271. September 24
3272. April 23
3273. January 9
3274. September 1
3276. May 27
3278. September 1
3280. January 30
3284. July 28
3285. March 23
3286. March 26
3288. June 26
3290. May 27
3292. February 23
3295. August 13
3298. October 22
3299. April 29
3301. August 7
3303. October 20
3306. March 15
3307. November 8
3308. September 24
3312. October 27
3315. March 2
3316. October 28
3317. April 11
3321. January 28
3322. September 23
3323. June 13
3324. July 17
3325. September 9
3326. November 14
3330. September 20
3331. March 7
3333. February 17
3336. February 15
3341. April 13
3342. August 31
3345. February 11
3348. March 11
3349. July 30
3357. July 16
3358. March 31
3360. September 26
3361. April 22
3362. December 14
3364. August 12
3365. February 13
3366. June 9
3367. January 22
3369. August 2
3370. September 23
3371. April 14
3373. October 30
3376. April 21
3379. November 11
3380. February 12
3383. February 10
3385. July 21
3386. April 25
3388. August 2
3389. February 10
3390. May 12
3395. February 24
3398. May 31
3401. August 3
3403. September 3
3405. May 16
3407. February 7
3409. June 12
3411. February 23
3412. June 8
3414. November 25
3415. December 20
3420. April 6
3422. March 11
3426. January 11
3427. November 17
3428. June 8
3431. June 9
3434. May 16
3435. August 27
3436. February 12
3437. April 22
3438. November 29
3439. November 28
3445. June 20
3448. September 22
3449. April 26
3454. March 9
3456. September 17
3459. September 28
3460. September 19
3461. November 29
3466. June 12
3467. February 10
3474. December 4
3479. May 12
3482. April 20
3483. April 30
3485. June 14
3488. March 4
3490. August 5
3491. May 1
3492. January 7
3498. December 11
3499. August 8
3500. May 3
3503. October 7
3508. February 21
3511. September 11
3512. May 3
3514. June 15
3515. January 22
3516. April 3
3518. November 1
3520. January 30
3522. February 12
3523. November 17
3524. August 25
3531. May 15
3534. July 22
3535. April 6
3536. July 27
3537. August 22
3546. February 18
3547. April 8
3548. January 2
3550. December 3
3551. November 26
3554. April 11
3555. September 20
3558. September 15
3559. November 16
3561. May 9
3562. March 7
3568. February 13
3569. September 11
3573. February 1
3574. November 8
3575. February 20
3576. November 14
3578. November 3
3583. July 16
3585. November 18
3588. July 5
3589. April 30
3592. March 14
3596. April 28
3598. October 23
3599. March 30
3600. October 1
3610. January 22
3615. September 15
3616. January 28
3617. September 12
3619. January 2
3621. March 28
3622. September 25
3623. May 23
3625. May 27
3627. June 2
3628. December 13
3631. February 24
3633. May 27
3634. December 17
3639. November 6
3641. February 27
3645. January 12
3649. July 2
3651. August 2
3652. October 3
3654. September 18
3660. March 7
3662. November 30
3665. May 11
3667. April 1
3669. May 17
3670. August 21
3672. March 21
3673. October 13
3675. April 5
3681. February 27
3682. June 25
3683. June 21
3684. February 14
3686. October 29
3688. October 24
3690. November 29
3696. January 22
3698. January 9
3702. November 24
3705. August 26
3707. September 4
3711. December 13
3712. February 14
3719. March 11
3720. June 2
3723. July 8
3725. July 27
3726. February 28
3727. July 1
3730. August 19
3732. April 25
3735. November 11
3741. January 16
3744. June 11
3749. November 5
3750. August 13
3751. September 8
3752. September 16
3753. July 29
3754. April 23
3757. April 20
3764. September 19
3765. August 14
3766. February 1
3767. July 19
3768. September 12
3770. June 10
3772. August 2
3773. October 17
3775. November 20
3779. November 4
3783. June 22
3784. June 12
3788. August 29
3789. September 5
3790. February 16
3794. July 14
3795. October 12
3801. April 23
3806. October 9
3807. January 28
3808. November 25
3809. November 24
3813. July 19
3814. January 15
3816. June 11
3817. January 22
3818. June 19
3819. February 14
3825. February 11
3826. December 1
3827. April 19
3830. February 18
3833. January 24
3835. October 2
3836. October 21
3838. June 22
3841. June 1
3843. June 5
3844. June 14
3845. November 28
3846. July 21
3847. January 24
3848. November 2
3851. November 21
3855. February 9
3860. October 22
3862. November 22
3866. August 12
3869. January 6
3871. March 18
3872. June 25
3875. August 30
3877. May 24
3878. June 18
3881. March 27
3883. June 24
3884. March 5
3886. June 19
3887. May 11
3890. February 18
3891. February 6
3897. March 13
3899. November 16
3903. November 14
3904. June 7
3911. April 7
3914. August 24
3916. July 7
3918. June 20
3922. December 27
3923. August 25
3925. October 16
3927. November 13
3929. March 25
3931. January 20
3934. September 12
3938. September 8
3939. August 1
3941. May 5
3942. July 17
3946. November 16
3950. May 27
3954. July 26
3955. July 29
3956. January 25
3962. January 4
3963. December 24
3966. April 6
3967. June 23
3971. July 15
3972. July 30
3973. November 14
3978. September 27
3981. February 4
3985. January 31
3986. December 15
3992. August 12
3993. June 28
3995. January 16
3996. March 24
3997. February 14
4001. September 29
4005. November 10
4006. March 8
4010. July 25
4011. January 5
4016. March 26
4017. September 25
4020. April 5
4021. August 7
4022. May 8
4024. July 5
4025. December 16
4028. July 6
4033. May 25
4036. February 16
4037. October 25
4038. March 21
4039. December 3
4041. June 8
4042. October 15
4043. December 1
4044. January 16
4046. April 16
4048. February 5
4050. May 18
4051. August 31
4052. August 10
4054. February 4
4062. July 15
4064. February 8
4071. January 26
4074. April 9
4075. May 2
4077. November 22
4081. August 8
4083. February 23
4084. June 27
4085. March 2
4086. October 6
4088. August 18
4089. February 15
4090. April 12
4091. March 15
4092. February 7
4094. May 10
4098. May 23
4099. June 3
4101. August 1
4102. December 15
4104. September 27
4105. August 25
4106. July 1
4107. September 20
4108. February 10
4114. November 15
4116. October 1
4118. January 12
4119. August 31
4121. June 6
4123. July 28
4125. July 20
4127. June 27
4131. February 9
4132. March 23
4133. January 6
4135. February 7
4136. August 10
4137. April 12
4138. August 26
4139. August 4
4140. April 15
4141. June 6
4143. July 13
4145. July 28
4148. November 13
4150. June 7
4151. September 17
4153. November 24
4155. July 28
4157. March 5
4158. April 21
4166. February 16
4168. September 22
4169. May 6
4171. February 6
4172. June 5
4177. February 16
4181. May 31
4182. June 19
4183. December 21
4184. May 7
4188. December 13
4189. March 8
4194. April 21
4196. December 15
4199. June 17
4200. September 6
4202. September 21
4203. August 20
4205. January 22
4210. June 13
4211. October 7
4212. July 6
4214. May 17
4215. April 5
4218. November 3
4220. November 5
4221. May 29
4223. July 13
4224. April 29
4228. June 11
4233. September 5
4234. May 7
4235. January 31
4238. October 16
4240. December 21
4246. February 12
4247. March 22
4253. March 6
4259. November 28
4260. March 30
4267. August 16
4268. March 20
4272. April 30
4277. March 27
4281. December 11
4282. October 3
4284. March 26
4287. July 2
4288. January 11
4295. November 1
4298. June 15
4299. February 9
4300. July 18
4301. February 20
4302. December 1
4305. January 1
4306. April 4
4308. December 25
4309. July 14
4311. June 10
4312. July 28
4313. May 14
4316. December 11
4317. April 7
4319. October 15
4321. July 17
4322. June 7
4323. November 13
4324. April 29
4328. March 17
4329. February 5
4330. January 15
4331. January 17
4332. July 15
4334. December 8
4339. June 19
4342. January 25
4344. October 12
4346. January 15
4348. December 25
4350. May 13
4352. July 3
4353. January 27
4355. October 16
4356. August 7
4358. May 30
4359. September 2
4360. April 3
4364. December 6
4365. June 2
4366. January 25
4367. November 10
4368. October 24
4369. August 1
4372. March 6
4375. September 30
4376. June 8
4378. March 19
4383. June 22
4384. April 19
4386. February 8
4387. June 11
4388. August 17
4397. June 19
4399. April 9
4401. January 13
4403. April 5
4404. September 7
4406. May 29
4409. January 10
4413. May 23
4415. January 21
4417. January 2
4418. March 15
4419. May 14
4424. May 5
4426. January 27
4428. November 24
4429. July 18
4435. December 2
4437. December 4
4440. September 17
4441. April 2
4446. April 21
4447. September 15
4448. January 14
4451. June 3
4453. March 29
4455. November 25
4456. April 22
4458. December 8
4460. November 20
4463. June 24
4464. August 27
4466. June 29
4468. November 25
4470. August 8
4473. September 6
4476. December 13
4478. May 30
4479. January 7
4482. June 27
4490. August 9
4492. October 6
4498. June 23
4499. February 4
4500. February 14
4502. February 18
4503. December 3
4506. September 12
4511. February 26
4512. November 7
4515. April 8
4516. December 14
4517. June 2
4518. January 2
4519. January 18
4521. October 18
4522. July 1
4524. February 4
4534. March 2
4535. February 20
4536. August 23
4537. November 25
4538. March 23
4539. August 25
4540. August 3
4542. November 1
4545. June 29
4546. August 16
4550. October 4
4551. August 15
4553. August 19
4558. June 20
4560. June 15
4561. August 2
4563. February 8
4564. June 13
4565. April 19
4569. May 6
4570. July 3
4575. August 23
4576. December 22
4577. March 13
4580. June 3
4583. April 17
4584. April 29
4585. October 3
4588. October 28
4589. November 14
4590. November 17
4591. November 30
4596. August 1
4597. February 18
4599. September 28
4605. February 15
4606. March 30
4607. August 18
4610. June 17
4612. May 3
4613. February 24
4615. December 11
4621. December 3
4623. November 9
4625. June 20
4627. April 24
4629. September 6
4630. March 13
4631. October 19
4633. March 3
4635. July 5
4640. January 23
4641. July 8
4644. May 12
4645. August 30
4652. October 11
4655. September 1
4657. May 19
4658. April 9
4660. February 20
4661. May 19
4662. April 9
4663. October 19
4666. September 26
4667. May 20
4669. May 25
4671. November 26
4672. June 19
4677. October 31
4678. May 24
4679. October 4
4681. January 18
4683. October 15
4684. June 28
4687. May 24
4691. December 29
4692. August 3
4694. November 28
4704. July 9
4706. May 6
4707. February 24
4710. September 29
4714. April 17
4715. August 5
4718. April 18
4719. September 4
4720. February 18
4721. July 6
4723. November 2
4725. April 30
4727. July 30
4734. June 27
4735. March 12
4739. March 3
4742. October 24
4744. October 14
4748. January 10
4750. May 16
4753. May 23
4754. August 9
4761. May 1
4762. May 10
4763. March 22
4767. September 12
4768. August 30
4770. April 8
4773. April 26
4774. August 24
4775. December 27
4778. April 2
4779. May 30
4780. July 14
4785. February 16
4786. October 3
4788. January 19
4798. July 17
4799. January 15
4800. November 6
4803. November 4
4804. August 27
4805. August 9
4808. March 19
4812. September 16
4816. December 2
4819. August 8
4821. October 30
4822. November 2
4823. January 7
4825. September 20
4826. January 26
4828. February 14
4829. May 28
4830. June 26
4833. July 8
4834. October 27
4836. February 5
4839. March 27
4841. April 3
4842. May 14
4843. March 12
4845. July 7
4849. October 23
4851. October 15
4853. February 1
4857. March 22
4859. February 23
4861. August 11
4865. November 20
4866. July 10
4867. December 8
4868. May 20
4871. June 6
4875. August 23
4877. September 1
4878. November 2
4879. April 9
4882. May 10
4890. November 25
4891. November 19
4892. June 29
4895. May 26
4900. May 17
4903. September 11
4909. February 12
4910. December 14
4911. March 26
4913. January 3
4914. July 20
4917. May 22
4919. May 29
4921. August 8
4922. November 20
4925. November 26
4926. February 1
4929. March 11
4931. May 30
4932. April 28
4933. April 10
4937. January 23
4940. December 30
4942. April 8
4944. October 2
4948. December 20
4949. January 26
4956. July 14
4957. September 15
4959. May 4
4965. December 20
4967. July 24
4969. October 19
4970. December 10
4971. February 24
4972. May 17
4973. August 16
4974. August 26
4976. September 6
4977. August 3
4983. March 10
4984. October 8
4989. November 15
4990. March 30
4991. February 2
4992. June 18
4995. September 7
5001. August 5
5004. December 3
5006. November 3
5007. June 13
5008. September 3
5009. December 16
5010. November 4
5013. January 14
5015. November 12
5016. February 17
5017. November 11
5018. June 20
5019. December 26
5022. December 24
5024. November 11
5025. October 31
5026. March 25
5027. May 12
5029. July 15
5031. June 17
5034. March 9
5036. March 18
5037. July 1
5038. March 25
5042. September 2
5043. September 10
5045. January 23
5046. March 8
5049. May 9
5054. March 31
5057. October 8
5059. August 20
5063. March 22
5064. October 6
5065. February 16
5066. December 3
5068. October 10
5070. May 20
5071. July 24
5074. September 12
5077. December 19
5079. October 3
5084. February 2
5086. January 14
5087. June 24
5088. August 23
5090. February 23
5095. June 6
5097. September 8
5099. September 27
5101. April 27
5103. December 10
5104. April 19
5106. March 13
5109. January 9
5116. August 14
5118. March 5
5121. May 14
5122. January 5
5123. February 2
5125. October 21
5128. July 5
5129. July 26
5130. October 5
5137. October 12
5138. March 7
5139. May 6
5140. February 1
5142. April 11
5143. April 9
5144. September 21
5145. August 16
5148. April 21
5149. March 16
5150. June 29
5151. October 15
5152. May 2
5154. May 5
5157. January 1
5158. January 7
5159. June 11
5163. August 30
5166. March 12
5168. August 15
5171. February 6
5172. August 19
5173. October 12
5174. November 30
5179. February 13
5182. October 4
5183. March 28
5184. April 5
5185. December 1
5186. October 10
5188. May 28
5189. July 8
5190. December 1
5193. April 22
5195. September 14
5197. April 17
5198. May 26
5199. October 24
5200. August 24
5201. April 4
5207. February 1
5210. November 3
5212. May 24
5213. April 14
5216. July 31
5220. February 20
5223. July 23
5229. January 28
5233. March 14
5236. June 4
5238. December 24
5242. May 12
5243. November 30
5244. June 11
5246. January 28
5249. April 6
5253. July 11
5256. November 16
5257. March 2
5259. May 22
5260. September 11
5261. May 10
5265. March 23
5266. February 3
5267. March 26
5268. May 13
5271. July 31
5272. September 14
5273. February 26
5275. May 28
5276. October 7
5281. June 24
5284. September 5
5285. September 10
5286. September 24
5288. May 3
5289. June 6
5291. September 28
5292. January 5
5295. July 22
5296. May 31
5304. December 16
5306. January 20
5307. May 4
5311. October 27
5316. January 19
5319. March 15
5320. July 18
5321. March 7
5322. October 3
5326. November 5
5328. March 20
5331. February 27
5332. October 25
5334. November 4
5335. April 28
5336. December 23
5337. August 9
5338. April 11
5344. August 15
5348. October 27
5350. September 3
5351. April 17
5354. June 14
5356. February 22
5359. February 11
5362. August 19
5367. March 10
5368. June 24
5371. September 4
5375. February 17
5378. December 11
5381. December 7
5382. August 11
5384. June 6
5389. July 14
5390. September 11
5392. September 15
5395. January 16
5398. September 15
5399. April 27
5403. November 1
5404. August 3
5406. February 8
5407. April 30
5409. April 19
5411. March 6
5413. July 5
5414. September 7
5415. October 4
5417. August 9
5420. October 3
5422. September 16
5424. September 6
5425. October 19
5427. February 8
5429. March 8
5430. February 19
5435. January 6
5436. November 15
5437. July 17
5438. February 25
5440. December 28
5442. June 19
5444. January 2
5445. September 20
5447. May 2
5448. April 19
5450. November 3
5454. September 25
5455. December 14
5456. July 26
5458. April 2
5459. October 30
5460. February 3
5462. September 11
5463. June 8
5465. August 2
5471. December 13
5475. July 8
5479. March 19
5480. June 30
5484. January 10
5485. December 18
5486. August 10
5487. June 11
5488. December 9
5490. January 2
5491. May 20
5494. October 29
5495. September 2
5496. April 20
5498. June 24
5501. May 11
5502. July 22
5504. March 12
5505. April 15
5507. September 23
5509. June 18
5510. April 3
5512. March 27
5513. August 5
5514. January 25
5515. October 2
5516. April 3
5518. April 23
5519. September 25
5520. January 27
5523. May 12
5525. June 8
5526. March 15
5527. April 25
5528. February 25
5529. May 1
5530. August 7
5531. April 15
5533. March 19
5534. July 4
5536. March 6
5538. January 2
5541. March 2
5544. September 5
5545. August 13
5546. November 18
5547. May 28
5549. March 18
5551. November 8
5554. April 21
5557. May 7
5559. November 14
5560. August 30
5561. April 15
5562. November 29
5563. October 6
5564. March 20
5565. June 17
5568. July 31
5570. September 12
5572. April 10
5574. November 19
5575. February 18
5578. November 19
5580. November 5
5582. January 4
5583. May 25
5585. June 7
5586. April 1
5589. March 22
5591. November 16
5592. January 5
5595. December 13
5597. July 28
5600. April 9
5602. June 25
5604. June 20
5606. July 24
5608. July 18
5609. November 4
5610. April 13
5611. April 6
5613. February 24
5614. October 12
5615. May 7
5616. May 19
5621. May 17
5624. November 9
5626. October 30
5627. March 5
5628. January 25
5630. July 10
5633. August 27
5636. February 22
5642. July 30
5643. January 5
5646. May 19
5650. October 17
5651. June 7
5653. February 28
5654. September 17
5655. September 21
5656. August 19
5658. May 5
5659. January 14
5660. December 7
5666. August 21
5667. February 1
5674. September 3
5675. December 13
5677. October 8
5678. February 17
5679. May 10
5681. March 12
5682. March 12
5684. April 2
5686. August 29
5687. August 28
5688. June 6
5692. December 8
5695. January 28
5697. December 24
5699. March 9
5702. January 6
5708. April 23
5710. February 11
5711. January 29
5712. June 28
5716. June 29
5718. July 1
5719. December 12
5720. March 1
5721. December 27
5729. October 30
5731. May 28
5732. July 23
5733. February 16
5736. September 7
5737. September 24
5738. December 11
5739. March 15
5740. November 26
5744. May 18
5745. November 25
5746. January 9
5748. October 16
5750. July 2
5751. September 24
5753. October 31
5755. November 10
5756. December 26
5762. March 3
5764. February 2
5768. July 18
5770. September 1
5771. June 27
5773. January 17
5775. September 15
5778. May 12
5780. November 8
5781. March 12
5782. February 12
5788. January 11
5791. March 31
5792. January 1
5793. February 9
5794. July 29
5796. May 12
5800. April 10
5804. August 7
5806. August 6
5808. February 4
5810. October 27
5812. April 11
5814. May 30
5815. April 28
5820. July 30
5823. December 10
5824. February 24
5826. January 20
5827. January 17
5828. November 27
5829. April 8
5831. September 4
5837. May 30
5838. August 25
5839. August 13
5840. July 8
5843. September 15
5844. March 31
5846. December 11
5847. August 3
5849. February 28
5852. April 24
5854. May 4
5856. October 15
5857. December 21
5859. April 17
5860. June 6
5862. July 10
5865. June 14
5867. December 16
5871. April 10
5872. October 16
5874. December 31
5879. February 15
5887. September 24
5892. July 23
5893. July 25
5894. December 6
5896. April 18
5899. September 8
5902. May 10
5903. July 11
5904. June 7
5905. November 17
5906. January 9
5908. June 4
5910. March 28
5915. April 5
5917. November 6
5918. April 4
5919. December 27
5923. November 21
5924. March 4
5925. May 18
5926. March 20
5928. February 14
5929. May 10
5934. April 7
5935. March 16
5936. September 7
5937. February 14
5938. October 10
5939. September 9
5940. June 8
5941. November 22
5942. November 3
5946. July 19
5947. March 4
5948. August 17
5950. January 23
5951. November 30
5954. July 27
5955. March 13
5957. March 29
5962. September 10
5965. March 29
5967. February 20
5972. December 14
5973. December 20
5974. August 13
5976. February 3
5978. May 23
5979. November 21
5980. November 25
5981. September 22
5982. April 5
5983. February 28
5984. December 13
5987. January 13
5988. April 1
5992. April 26
5994. August 19
5995. November 26
5997. January 13
5998. April 30
5999. September 12
6000. July 21
6001. June 21
6006. October 4
6007. March 13
6009. June 28
6010. October 16
6012. September 27
6013. September 26
6014. June 29
6016. June 16
6020. September 8
6023. August 2
6025. March 3
6027. February 16
6028. January 26
6029. August 2
6034. January 30
6036. June 2
6044. July 12
6045. July 21
6046. November 21
6047. April 27
6052. June 2
6053. December 14
6057. October 19
6059. June 14
6060. September 1
6064. February 4
6069. December 10
6070. May 7
6072. March 7
6074. April 21
6075. November 24
6078. February 4
6079. November 20
6082. April 25
6083. July 18
6084. January 20
6085. August 21
6087. July 7
6088. September 24
6089. January 8
6093. December 10
6095. July 9
6096. February 22
6098. July 15
6103. July 27
6104. November 2
6105. August 8
6106. November 22
6107. November 12
6109. December 17
6111. August 17
6112. August 16
6113. December 4
6114. June 7
6117. June 20
6118. February 16
6119. January 25
6120. August 1
6121. February 4
6123. January 24
6126. September 8
6130. January 22
6131. December 18
6137. August 28
6139. June 1
6144. January 30
6145. March 11
6146. October 22
6147. December 25
6148. March 2
6149. May 31
6150. October 1
6152. January 29
6155. April 26
6156. January 23
6157. March 12
6166. January 5
6167. June 27
6172. July 16
6173. May 12
6174. January 11
6176. February 9
6177. December 4
6182. October 2
6185. May 14
6187. March 5
6188. January 26
6190. June 4
6193. January 20
6196. November 19
6197. May 31
6198. June 4
6204. February 14
6211. December 21
6213. April 10
6214. July 17
6215. January 9
6216. December 2
6217. July 18
6218. February 25
6220. April 27
6221. August 28
6222. June 17
6223. June 20
6224. May 27
6225. January 16
6226. April 4
6227. January 30
6233. February 27
6234. July 15
6235. July 10
6236. October 7
6240. June 17
6243. March 26
6247. June 21
6254. August 5
6257. February 28
6258. January 11
6259. August 4
6262. December 3
6263. July 31
6266. April 13
6268. September 6
6270. January 14
6272. November 24
6273. April 29
6274. June 18
6277. May 14
6279. July 3
6281. December 29
6283. July 11
6284. May 3
6285. January 4
6289. December 17
6292. October 28
6297. March 26
6301. October 5
6303. December 23
6304. June 18
6307. December 9
6308. February 15
6309. January 13
6310. December 29
6311. September 16
6312. January 10
6313. May 11
6317. October 8
6322. November 3
6324. August 29
6327. March 31
6328. December 28
6331. September 7
6333. July 2
6334. June 2
6335. October 8
6341. August 23
6343. July 9
6345. March 3
6346. February 9
6353. March 30
6355. June 12
6356. December 8
6359. June 24
6360. February 12
6361. April 17
6365. April 13
6366. October 27
6368. March 1
6369. June 15
6371. January 22
6372. June 16
6374. February 20
6377. August 11
6378. February 13
6380. September 10
6382. September 26
6385. March 9
6386. November 26
6392. December 31
6398. February 20
6402. May 19
6403. September 30
6405. March 4
6407. October 9
6414. October 13
6416. August 3
6418. December 5
6419. September 9
6420. February 18
6425. November 14
6433. September 15
6434. December 30
6435. January 31
6438. September 19
6439. October 11
6441. May 24
6444. April 13
6445. January 2
6448. July 22
6449. May 10
6451. February 14
6453. February 21
6454. May 12
6455. January 1
6457. March 11
6462. March 17
6465. April 20
6468. September 28
6473. March 9
6475. March 20
6477. July 9
6478. October 16
6479. April 8
6483. November 29
6490. January 13
6493. April 5
6494. September 6
6495. July 31
6496. October 29
6499. December 6
6503. June 14
6507. July 29
6511. August 7
6514. July 5
6517. May 22
6518. May 4
6522. April 28
6523. April 2
6524. November 13
6532. January 30
6534. November 27
6539. December 1
6540. April 27
6543. November 25
6544. April 28
6547. April 25
6548. March 19
6549. November 24
6550. October 18
6551. February 2
6552. August 31
6554. November 5
6557. May 2
6564. July 16
6565. June 2
6569. October 29
6570. April 4
6571. May 16
6573. December 5
6575. July 2
6576. December 25
6577. July 17
6578. May 18
6583. November 3
6584. August 25
6585. November 24
6586. December 30
6587. March 12
6591. July 7
6595. January 15
6604. October 26
6607. September 22
6616. February 24
6619. December 7
6622. September 25
6623. May 24
6626. October 30
6636. December 22
6638. August 29
6641. May 1
6645. February 5
6655. October 14
6657. December 7
6658. September 16
6659. June 25
6661. October 6
6662. June 28
6664. May 28
6666. June 29
6672. April 4
6675. September 8
6679. January 29
6680. October 23
6683. July 8
6685. February 1
6686. February 17
6689. July 12
6692. September 1
6695. February 13
6698. June 19
6703. June 22
6704. May 1
6710. September 13
6711. April 13
6716. January 3
6719. June 3
6720. November 25
6721. April 5
6722. February 2
6726. July 1
6729. June 23
6731. September 15
6733. January 28
6735. May 28
6736. January 24
6739. August 31
6744. April 14
6750. August 20
6752. June 25
6756. May 23
6758. March 28
6759. September 17
6761. May 10
6763. March 10
6764. March 20
6769. May 30
6771. September 20
6772. March 2
6775. December 10
6778. January 23
6784. November 7
6786. September 3
6787. October 20
6793. June 24
6794. July 4
6797. September 6
6800. August 8
6802. November 16
6804. June 30
6805. May 29
6807. August 18
6808. August 17
6812. September 5
6817. July 18
6818. December 25
6819. October 28
6820. October 2
6821. October 19
6822. September 5
6824. December 24
6825. August 21
6826. January 3
6829. September 11
6830. February 26
6831. February 6
6833. September 7
6840. September 23
6842. January 30
6843. July 22
6844. October 30
6845. July 11
6847. October 31
6848. September 1
6849. February 22
6850. August 4
6851. May 10
6853. September 14
6857. October 20
6860. October 1
6862. June 18
6867. October 15
6868. May 29
6869. August 18
6872. December 24
6873. February 20
6874. October 10
6875. July 3
6876. June 24
6879. May 11
6881. October 15
6886. January 25
6887. August 28
6888. December 5
6889. July 2
6890. April 18
6894. November 26
6895. March 4
6897. December 6
6904. November 25
6906. June 21
6910. May 12
6912. June 14
6914. August 29
6916. March 6
6917. February 2
6918. July 24
6922. September 16
6923. January 5
6924. June 3
6926. November 7
6930. September 15
6932. June 27
6934. September 10
6936. July 20
6938. May 5
6940. July 3
6941. October 31
6945. April 30
6947. May 21
6948. January 12
6952. November 18
6953. November 12
6955. August 21
6956. September 20
6957. January 14
6960. May 28
6964. March 21
6965. September 4
6966. February 18
6970. April 6
6971. September 5
6972. July 1
6973. October 23
6975. July 19
6976. October 31
6977. November 10
6978. July 3
6980. July 12
6981. October 27
6983. February 24
6987. February 7
6989. September 5
6992. September 27
6993. July 15
6994. August 10
6996. April 1
7004. January 20
7005. November 23
7006. September 13
7007. November 11
7012. January 22
7013. December 19
7017. December 14
7020. February 28
7025. May 18
7026. January 15
7027. January 4
7029. July 27
7033. August 30
7035. April 6
7037. September 2
7038. September 18
7039. May 27
7040. September 4
7041. April 20
7045. November 15
7047. July 3
7055. July 28
7056. September 16
7057. October 14
7059. March 3
7062. January 12
7064. October 2
7067. August 13
7068. February 12
7070. January 18
7072. November 20
7073. July 18
7074. December 6
7075. January 24
7078. August 27
7084. July 24
7087. April 2
7089. April 9
7092. June 14
7094. December 28
7097. May 20
7098. December 4
7100. October 15
7102. October 28
7103. November 20
7105. July 30
7106. April 8
7107. August 19
7109. February 16
7110. June 26
7112. April 20
7115. February 5
7117. September 23
7118. December 21
7122. June 2
7125. February 5
7126. December 23
7127. May 8
7129. November 23
7130. July 18
7131. December 12
7132. June 28
7139. February 2
7141. July 23
7143. December 16
7147. July 21
7151. February 10
7154. October 11
7155. August 15
7157. April 15
7159. August 6
7167. March 13
7169. April 29
7170. January 19
7171. January 1
7176. September 10
7180. December 17
7187. December 8
7189. October 28
7196. February 6
7199. September 7
7200. April 9
7205. December 12
7208. November 18
7209. March 7
7210. January 30
7214. February 24
7216. July 2
7219. November 25
7223. August 1
7228. November 1
7230. April 25
7231. November 21
7236. November 13
7237. November 15
7238. August 5
7242. May 24
7243. April 7
7249. July 26
7253. May 7
7259. July 19
7261. April 14
7262. January 30
7266. March 13
7271. December 6
7272. December 9
7274. April 21
7281. December 6
7282. December 27
7283. April 28
7285. July 14
7289. February 20
7291. May 4
7293. March 16
7297. October 27
7298. September 29
7299. May 20
7303. February 15
7307. April 10
7308. April 3
7312. April 9
7314. April 18
7315. October 9
7316. April 11
7318. March 9
7320. May 18
7322. October 5
7323. August 16
7324. December 31
7325. June 15
7327. February 25
7333. April 23
7335. June 8
7336. April 10
7337. February 16
7339. February 9
7341. July 22
7343. June 6
7347. February 25
7348. November 14
7356. March 4
7360. February 13
7362. October 17
7363. November 3
7364. September 18
7365. September 15
7367. June 16
7369. February 17
7370. April 30
7371. February 13
7372. October 28
7375. November 17
7376. September 22
7377. August 4
7378. February 10
7379. August 22
7380. December 22
7381. September 14
7383. November 23
7386. January 13
7388. January 1
7390. November 26
7394. June 29
7397. July 5
7398. August 18
7400. January 17
7402. December 20
7404. July 12
7405. July 12
7406. September 19
7408. May 28
7411. June 20
7412. May 31
7416. September 19
7419. December 2
7421. August 21
7422. September 2
7423. November 13
7424. May 2
7425. March 6
7426. October 22
7428. January 19
7429. April 29
7430. January 5
7431. February 14
7432. November 25
7433. September 4
7434. December 19
7436. July 20
7438. November 28
7442. November 25
7443. August 12
7447. March 31
7448. January 24
7452. June 25
7454. March 6
7457. December 17
7458. January 13
7459. October 22
7460. August 1
7461. June 25
7463. December 21
7465. September 7
7466. April 30
7467. January 3
7468. February 24
7473. February 19
7475. July 4
7476. June 17
7477. March 24
7479. April 25
7481. June 11
7482. February 24
7483. November 10
7484. September 18
7488. May 19
7489. July 9
7490. March 7
7492. October 3
7493. March 25
7495. September 3
7496. January 11
7499. August 6
7505. July 10
7506. November 27
7507. July 4
7509. December 14
7512. March 18
7513. April 8
7515. September 22
7518. March 7
7522. July 7
7523. February 13
7524. November 17
7525. March 26
7530. October 17
7534. August 4
7536. May 18
7538. November 3
7539. February 27
7540. September 21
7542. July 8
7543. March 14
7544. October 22
7545. June 16
7549. October 19
7550. October 20
7554. July 2
7557. January 4
7558. July 4
7562. July 6
7564. January 17
7565. March 31
7567. December 2
7568. September 9
7569. March 14
7570. May 18
7574. December 16
7581. August 21
7582. March 7
7583. August 10
7584. September 7
7585. May 26
7590. October 9
7593. September 9
7594. September 10
7597. January 7
7599. September 10
7600. June 5
7601. December 2
7602. January 22
7606. January 22
7608. July 11
7610. May 28
7611. August 4
7612. December 16
7613. June 26
7614. December 11
7615. October 24
7616. August 4
7621. March 18
7623. May 22
7625. September 20
7633. October 1
7635. April 19
7636. July 8
7637. January 1
7638. April 2
7640. January 19
7641. May 13
7644. June 19
7645. February 5
7651. January 10
7656. October 24
7657. January 23
7658. November 25
7660. May 29
7664. July 15
7667. September 20
7669. July 13
7670. February 16
7671. January 30
7673. October 1
7675. September 5
7677. September 28
7679. June 28
7689. August 7
7690. April 23
7692. April 21
7694. December 9
7695. August 8
7697. September 18
7699. April 17
7701. March 28
7702. March 25
7703. December 13
7704. July 14
7705. May 24
7707. February 9
7709. May 27
7711. May 4
7714. November 2
7715. November 29
7717. July 3
7718. April 12
7720. September 27
7722. May 13
7724. May 10
7726. February 13
7729. June 21
7730. March 29
7731. November 16
7732. December 2
7735. January 6
7736. September 9
7737. December 19
7742. January 3
7744. September 30
7746. August 5
7749. July 24
7750. November 9
7751. October 1
7752. July 29
7753. July 27
7754. May 10
7761. June 18
7765. April 8
7766. December 28
7767. November 16
7772. November 28
7776. September 5
7777. January 2
7778. May 6
7782. July 27
7786. April 29
7791. March 13
7792. February 22
7796. December 4
7801. December 28
7802. June 11
7804. July 31
7805. December 1
7806. December 7
7809. April 1
7814. June 26
7815. September 26
7816. December 9
7818. May 26
7819. July 24
7821. August 17
7825. August 4
7829. July 25
7832. January 9
7835. December 21
7837. October 2
7839. January 19
7841. July 15
7842. November 22
7845. May 18
7849. May 2
7850. June 11
7852. June 22
7855. December 29
7859. November 22
7860. April 27
7861. November 15
7864. June 28
7868. August 21
7872. November 25
7875. October 19
7876. January 31
7880. June 20
7882. November 27
7884. March 11
7888. December 20
7890. March 5
7891. June 14
7893. November 16
7896. October 26
7897. September 8
7898. December 5
7900. December 9
7901. August 14
7905. April 24
7912. March 24
7913. January 2
7914. May 14
7923. February 3
7925. November 10
7926. February 15
7927. July 30
7928. March 3
7931. August 26
7932. June 13
7934. May 20
7936. September 8
7937. September 30
7943. September 13
7946. January 27
7948. September 21
7950. January 3
7954. March 18
7956. December 16
7958. November 21
7959. March 2
7960. July 1
7963. March 16
7966. September 24
7967. November 13
7968. July 30
7969. July 5
7970. December 5
7974. April 9
7976. November 22
7979. November 11
7984. June 9
7985. May 22
7990. March 10
7991. June 3
7994. December 14
7997. April 7
7999. January 29
8000. September 7
8002. September 12
8003. May 6
8004. July 29
8006. December 16
8009. January 25
8010. July 11
8011. December 17
8012. April 8
8018. August 12
8019. November 10
8020. January 11
8023. October 10
8024. July 25
8026. September 13
8030. November 24
8032. April 21
8034. November 22
8035. October 9
8037. November 29
8040. September 12
8042. November 7
8044. July 23
8046. January 26
8048. October 18
8057. October 29
8058. May 7
8059. January 11
8060. February 11
8065. July 19
8066. February 19
8067. July 8
8068. September 4
8070. March 3
8071. April 23
8074. April 2
8075. November 27
8077. May 25
8078. December 3
8080. December 3
8086. July 12
8087. August 9
8090. September 1
8091. April 6
8093. April 29
8095. February 4
8097. April 26
8098. November 6
8099. July 13
8100. October 5
8101. December 29
8102. November 7
8106. October 30
8108. January 3
8109. December 1
8112. May 31
8113. May 23
8118. February 2
8119. February 19
8120. April 19
8121. September 27
8123. March 14
8124. April 17
8127. March 24
8128. January 15
8129. September 12
8130. February 6
8131. August 13
8132. November 25
8133. June 11
8134. January 10
8142. August 6
8144. December 15
8145. September 7
8149. November 4
8150. February 13
8153. April 11
8154. June 3
8155. February 2
8156. February 1
8158. October 9
8160. January 12
8161. April 4
8162. April 5
8164. October 20
8167. August 14
8168. January 21
8169. June 22
8173. November 9
8174. April 30
8176. February 22
8177. June 6
8178. December 19
8179. July 17
8182. September 2
8184. May 26
8185. November 22
8186. August 29
8188. August 3
8190. February 1
8192. September 18
8194. October 11
8196. April 12
8199. February 17
8202. April 11
8204. February 2
8206. August 12
8209. June 7
8210. September 29
8211. October 20
8212. October 27
8215. November 29
8217. February 17
8220. October 4
8221. June 8
8222. February 20
8223. March 24
8226. August 21
8229. September 5
8230. July 20
8234. April 17
8235. February 18
8237. September 15
8238. June 2
8240. November 13
8245. January 22
8247. March 22
8248. September 16
8249. March 10
8250. June 6
8256. October 13
8258. November 16
8260. September 10
8262. November 25
8263. March 10
8265. April 22
8266. September 7
8267. August 23
8272. September 26
8273. August 14
8275. March 28
8277. February 1
8278. December 24
8280. December 11
8281. November 20
8286. August 4
8291. October 31
8292. February 7
8299. February 21
8300. June 2
8302. October 4
8309. October 19
8310. April 10
8311. November 7
8312. April 22
8314. July 26
8317. November 15
8318. May 13
8320. February 2
8321. December 18
8322. April 18
8324. October 2
8325. May 7
8326. January 16
8327. March 1
8329. October 23
8331. May 13
8335. December 5
8337. February 26
8340. December 22
8344. July 10
8345. February 5
8346. March 6
8349. October 4
8356. May 9
8359. February 21
8361. January 2
8362. January 11
8365. July 1
8370. January 11
8376. December 16
8377. November 30
8378. January 2
8379. September 24
8382. March 31
8383. June 27
8385. August 26
8386. November 18
8388. June 24
8389. September 16
8390. January 4
8391. February 18
8396. March 1
8398. October 18
8399. March 28
8400. February 21
8402. May 30
8406. December 21
8407. October 17
8408. January 8
8412. March 23
8413. September 12
8415. December 24
8417. December 30
8418. December 27
8419. July 23
8420. November 27
8422. January 21
8423. April 27
8424. August 27
8426. January 12
8428. October 19
8431. August 27
8433. March 10
8440. August 26
8441. March 2
8442. September 4
8444. May 17
8447. December 11
8448. December 15
8449. September 17
8452. July 27
8453. December 11
8454. August 19
8456. September 20
8457. August 11
8458. September 11
8460. September 4
8464. June 26
8465. January 28
8466. February 23
8469. November 9
8470. April 18
8474. September 17
8475. June 8
8476. November 20
8477. February 21
8480. April 30
8483. March 3
8484. November 9
8487. March 29
8489. October 5
8491. October 29
8496. April 9
8497. April 6
8498. February 21
8500. December 10
8509. June 22
8511. December 31
8513. April 22
8515. January 29
8516. June 26
8517. November 16
8518. May 12
8521. April 15
8522. July 19
8525. February 26
8526. December 2
8527. February 7
8529. April 5
8534. October 13
8536. July 3
8545. June 5
8548. October 21
8549. December 26
8552. August 19
8556. January 14
8558. January 8
8561. January 25
8563. April 24
8564. October 10
8565. July 19
8569. March 16
8571. May 6
8572. November 11
8577. June 22
8580. August 19
8582. June 12
8584. January 30
8592. February 14
8598. August 29
8600. April 1
8604. April 10
8605. July 2
8617. July 4
8618. September 9
8619. August 1
8620. February 25
8622. March 6
8624. June 8
8625. June 19
8626. September 16
8627. September 12
8631. June 28
8633. April 25
8636. March 21
8637. December 16
8638. March 13
8639. October 3
8642. August 9
8646. May 13
8647. May 12
8648. August 16
8650. March 3
8651. August 2
8653. January 10
8656. May 25
8657. June 24
8662. August 25
8664. November 29
8666. July 31
8669. March 7
8671. September 13
8675. November 5
8679. January 19
8682. December 14
8683. May 15
8685. July 2
8690. October 6
8693. April 10
8694. November 16
8695. February 9
8700. March 13
8701. November 28
8705. April 21
8706. October 4
8708. February 18
8711. December 13
8713. September 5
8714. June 28
8717. July 24
8718. May 15
8720. February 19
8721. April 30
8723. June 10
8724. February 2
8729. February 22
8732. February 27
8741. May 23
8742. November 11
8744. May 13
8745. May 31
8747. March 22
8748. December 7
8749. February 26
8752. August 24
8756. October 17
8757. September 7
8766. February 18
8767. July 20
8768. January 12
8770. October 24
8772. August 8
8774. April 15
8776. December 20
8778. July 6
8780. February 3
8783. June 6
8786. October 21
8793. February 7
8794. January 13
8795. October 20
8800. February 28
8804. August 1
8806. June 29
8809. June 27
8811. February 2
8815. October 31
8819. September 26
8824. April 26
8825. November 2
8827. November 14
8830. July 21
8832. August 27
8834. January 15
8839. September 18
8840. October 11
8845. August 14
8848. February 3
8851. January 12
8852. May 23
8853. December 17
8856. November 27
8859. September 21
8860. April 15
8861. January 2
8862. November 6
8863. March 12
8865. March 24
8866. December 21
8871. December 6
8873. May 24
8875. May 3
8876. June 7
8882. March 29
8884. January 26
8885. November 9
8886. June 15
8887. July 17
8888. June 21
8889. December 17
8891. February 26
8892. October 8
8894. May 17
8898. February 9
8900. March 11
8904. September 1
8905. November 29
8909. June 22
8914. May 2
8919. July 12
8924. June 14
8926. June 11
8927. February 28
8928. November 28
8933. August 27
8934. November 4
8935. December 12
8936. August 19
8938. June 27
8940. April 13
8942. January 2
8943. October 8
8946. August 31
8947. January 27
8949. March 23
8951. August 1
8952. February 18
8955. March 22
8956. December 20
8957. May 2
8959. February 10
8963. November 24
8968. August 28
8970. November 18
8972. May 18
8979. May 6
8981. September 18
8984. May 10
8986. September 25
8987. April 18
8989. November 26
8991. November 21
8993. August 1
8994. January 25
8995. May 15
8999. June 4
9001. January 30
9003. April 14
9005. June 26
9006. January 3
9011. January 19
9016. November 27
9025. September 8
9029. July 15
9030. May 4
9035. October 12
9042. October 5
9044. November 29
9046. February 23
9051. January 31
9057. June 16
9059. March 29
9061. August 18
9063. April 30
9065. April 30
9066. December 15
9067. July 14
9073. January 13
9075. August 27
9083. March 7
9086. June 10
9087. July 29
9090. June 11
9091. March 24
9092. March 26
9094. December 11
9095. August 7
9102. March 27
9103. December 27
9105. October 14
9107. December 10
9113. September 13
9115. November 29
9116. May 26
9119. October 29
9121. December 9
9125. July 23
9126. August 29
9128. April 4
9129. February 7
9130. June 23
9132. October 23
9133. February 9
9134. December 21
9135. March 28
9139. May 25
9140. December 24
9141. July 30
9143. December 17
9144. November 9
9147. December 8
9148. July 11
9149. September 6
9150. May 11
9157. November 7
9158. June 19
9160. April 18
9162. August 23
9163. September 5
9167. January 12
9169. June 30
9171. September 29
9173. July 13
9178. August 25
9179. July 31
9183. July 12
9184. October 23
9188. August 16
9189. January 7
9191. October 13
9192. July 12
9193. July 12
9194. June 20
9198. July 22
9199. August 10
9200. August 29
9201. November 20
9202. February 8
9204. December 12
9205. March 18
9207. October 8
9213. January 26
9216. September 2
9219. March 26
9220. November 29
9223. September 7
9228. January 27
9231. March 19
9232. September 9
9233. April 25
9235. July 24
9236. June 12
9238. July 2
9241. May 30
9242. October 31
9245. June 18
9248. January 21
9251. October 22
9252. June 9
9257. August 3
9258. January 23
9260. March 22
9262. December 31
9266. April 2
9269. March 7
9270. August 8
9273. July 15
9280. August 21
9281. May 2
9282. December 24
9283. November 23
9284. December 28
9285. September 10
9286. July 2
9287. April 5
9289. May 12
9292. December 23
9294. November 28
9295. November 3
9299. November 15
9303. July 5
9304. December 15
9309. October 12
9310. July 28
9311. January 3
9312. December 15
9313. September 3
9314. December 21
9321. April 29
9322. May 24
9328. September 2
9329. April 28
9335. November 10
9338. July 24
9339. January 6
9341. July 23
9346. June 20
9348. December 26
9349. March 3
9350. October 4
9351. February 25
9352. October 18
9353. July 27
9354. September 29
9355. June 11
9356. February 3
9358. January 24
9360. March 31
9364. December 18
9368. May 17
9371. May 9
9374. August 2
9380. December 15
9381. May 22
9382. July 15
9383. November 21
9385. September 25
9392. October 15
9395. June 16
9397. January 12
9398. February 5
9400. November 23
9403. July 17
9408. June 19
9413. April 20
9414. March 24
9418. March 8
9419. February 7
9423. August 19
9425. April 10
9426. January 31
9429. October 24
9430. July 23
9431. April 28
9432. November 10
9433. January 17
9434. October 15
9435. February 27
9437. April 29
9442. April 26
9445. July 12
9446. September 15
9452. November 11
9453. August 23
9454. September 24
9456. November 6
9459. June 23
9460. November 26
9461. May 22
9462. November 29
9469. January 11
9477. January 4
9478. April 29
9479. August 4
9482. July 14
9489. December 13
9490. June 3
9492. January 26
9498. September 20
9506. December 6
9508. March 25
9514. September 29
9515. May 15
9516. April 14
9520. March 5
9523. February 20
9524. February 20
9525. December 31
9526. February 14
9528. June 2
9531. June 19
9533. July 12
9537. November 30
9538. January 13
9539. October 12
9541. January 23
9542. July 11
9544. June 1
9546. July 22
9547. May 13
9549. November 11
9551. May 12
9552. January 29
9553. September 20
9554. November 19
9555. February 16
9558. October 17
9560. September 23
9561. July 8
9562. June 16
9565. February 2
9566. August 20
9567. May 17
9568. December 9
9573. November 15
9576. May 29
9579. October 26
9581. October 14
9582. October 3
9583. November 13
9585. October 24
9587. December 10
9588. February 22
9591. February 11
9592. January 3
9593. May 9
9594. April 27
9599. September 27
9600. December 19
9605. August 29
9607. August 16
9608. May 22
9610. October 29
9611. October 19
9612. May 30
9613. June 28
9614. December 9
9616. April 12
9619. October 26
9620. July 20
9621. October 12
9625. September 11
9627. April 1
9632. January 3
9636. January 19
9639. October 26
9640. December 5
9641. August 23
9642. November 6
9645. August 28
9650. November 19
9651. September 5
9653. May 18
9654. October 4
9657. July 2
9658. August 25
9659. September 6
9661. November 12
9662. September 2
9663. January 15
9664. May 2
9665. December 14
9668. April 27
9670. August 27
9673. August 5
9675. August 1
9677. July 31
9678. May 8
9679. December 6
9680. June 25
9681. May 16
9685. July 30
9686. July 14
9687. April 5
9692. January 12
9697. July 2
9700. October 21
9701. September 27
9702. June 23
9703. January 12
9704. December 8
9709. November 19
9710. December 16
9711. January 17
9716. June 20
9719. June 10
9721. March 25
9722. March 19
9723. August 19
9724. February 2
9725. January 20
9728. January 6
9729. November 28
9735. January 15
9736. April 13
9738. July 31
9739. January 21
9741. December 17
9744. February 16
9748. January 1
9749. March 29
9751. June 6
9752. February 22
9754. May 28
9755. January 14
9756. March 9
9758. October 1
9762. September 21
9763. February 11
9764. May 17
9768. September 17
9769. October 30
9773. July 6
9774. November 15
9775. May 9
9776. April 3
9777. December 24
9780. June 13
9784. January 10
9786. October 8
9791. June 23
9792. July 16
9794. February 8
9797. October 14
9799. April 29
9800. November 5
9801. August 1
9806. April 2
9807. January 24
9809. November 29
9811. February 24
9813. July 3
9814. February 22
9816. February 28
9826. August 18
9828. June 9
9830. July 10
9838. May 12
9840. June 18
9841. June 13
9845. May 21
9846. December 25
9848. August 20
9850. March 6
9855. October 27
9861. June 1
9863. June 24
9864. January 12
9865. June 3
9867. September 30
9871. January 29
9874. August 7
9878. April 15
9880. April 20
9887. November 12
9890. February 8
9892. November 3
9893. December 25
9894. December 27
9895. April 27
9896. March 24
9898. October 22
9899. May 17
9900. March 12
9902. October 31
9907. November 12
9908. November 8
9909. December 31
9910. July 17
9912. February 9
9915. September 19
9919. October 8
9922. February 6
9923. March 2
9930. October 31
9931. May 19
9932. May 3
9935. August 26
9936. December 22
9938. May 28
9939. April 28
9948. July 15
9949. July 24
9956. October 9
9957. November 19
9958. April 9
9964. June 18
9965. July 3
9966. November 21
9968. May 27
9969. November 26
9974. August 5
9975. August 3
9978. July 7
9979. December 2
9980. March 19
9984. April 17
9986. August 13
9987. January 30
9988. February 15
9990. February 16
9991. August 23
9992. November 3
9995. November 7
9997. January 3
10000. June 7
